May 09 22:37 : errno: Failed to open /home/fahad/.mpd/state: No such file or directory
May 09 22:37 : update: added 2NE1/CRUSH (2014)/01. Crush.flac
May 09 22:37 : update: added 2NE1/CRUSH (2014)/02. Come Back Home.flac
May 09 22:37 : update: added 2NE1/CRUSH (2014)/03. Gotta Be You.flac
May 09 22:37 : update: added 2NE1/CRUSH (2014)/04. If I Were You.flac
May 09 22:37 : update: added 2NE1/CRUSH (2014)/05. Good to You.flac
May 09 22:37 : update: added 2NE1/CRUSH (2014)/06. MTBD (CL Solo).flac
May 09 22:37 : update: added 2NE1/CRUSH (2014)/07. Happy.flac
May 09 22:37 : update: added 2NE1/CRUSH (2014)/08. Scream.flac
May 09 22:37 : update: added 2NE1/CRUSH (2014)/09. Baby I Miss You.flac
May 09 22:37 : update: added 2NE1/CRUSH (2014)/10. Come Back Home (Unplugged Ver.).flac
May 09 22:37 : update: added 2NE1/I Am The Best (2011)/01. I Am The Best.flac
May 09 22:37 : update: added Arctic Monkeys/AM (2013)/01. Do I Wanna Know.mp3
May 09 22:37 : update: added Arctic Monkeys/AM (2013)/02. R U Mine.mp3
May 09 22:37 : update: added Arctic Monkeys/AM (2013)/03. One for the Road.mp3
May 09 22:37 : update: added Arctic Monkeys/AM (2013)/04. Arabella.mp3
May 09 22:37 : update: added Arctic Monkeys/AM (2013)/05. I Want It All.mp3
May 09 22:37 : update: added Arctic Monkeys/AM (2013)/06. No.1 Party Anthem.mp3
May 09 22:37 : update: added Arctic Monkeys/AM (2013)/07. Mad Sounds.mp3
May 09 22:37 : update: added Arctic Monkeys/AM (2013)/08. Fireside.mp3
May 09 22:37 : update: added Arctic Monkeys/AM (2013)/09. Why’d You Only Call Me When You’re High.mp3
May 09 22:37 : update: added Arctic Monkeys/AM (2013)/10. Snap Out of It.mp3
May 09 22:37 : update: added Arctic Monkeys/AM (2013)/11. Knee Socks.mp3
May 09 22:37 : update: added Arctic Monkeys/AM (2013)/12. I Wanna Be Yours.mp3
May 09 22:37 : update: added Breaking Benjamin/Dark Before Dawn (2015)/01. Dark.flac
May 09 22:37 : update: added Breaking Benjamin/Dark Before Dawn (2015)/02. Failure.flac
May 09 22:37 : update: added Breaking Benjamin/Dark Before Dawn (2015)/03. Angels Fall.flac
May 09 22:37 : update: added Breaking Benjamin/Dark Before Dawn (2015)/04. Breaking the Silence.flac
May 09 22:37 : update: added Breaking Benjamin/Dark Before Dawn (2015)/05. Hollow.flac
May 09 22:37 : update: added Breaking Benjamin/Dark Before Dawn (2015)/06. Close to Heaven.flac
May 09 22:37 : update: added Breaking Benjamin/Dark Before Dawn (2015)/07. Bury Me Alive.flac
May 09 22:37 : update: added Breaking Benjamin/Dark Before Dawn (2015)/08. Never Again.flac
May 09 22:37 : update: added Breaking Benjamin/Dark Before Dawn (2015)/09. The Great Divide.flac
May 09 22:37 : update: added Breaking Benjamin/Dark Before Dawn (2015)/10. Ashes of Eden.flac
May 09 22:37 : update: added Breaking Benjamin/Dark Before Dawn (2015)/11. Defeated.flac
May 09 22:37 : update: added Breaking Benjamin/Dark Before Dawn (2015)/12. Dawn.flac
May 09 22:37 : update: added Breaking Benjamin/Phobia (2006)/01. Intro.flac
May 09 22:37 : update: added Breaking Benjamin/Phobia (2006)/02. The Diary of Jane.flac
May 09 22:37 : update: added Breaking Benjamin/Phobia (2006)/03. Breath.flac
May 09 22:37 : update: added Breaking Benjamin/Phobia (2006)/04. You.flac
May 09 22:37 : update: added Breaking Benjamin/Phobia (2006)/05. Evil Angel.flac
May 09 22:37 : update: added Breaking Benjamin/Phobia (2006)/06. Until the End.flac
May 09 22:37 : update: added Breaking Benjamin/Phobia (2006)/07. Dance With the Devil.flac
May 09 22:37 : update: added Breaking Benjamin/Phobia (2006)/08. Topless.flac
May 09 22:37 : update: added Breaking Benjamin/Phobia (2006)/09. Here We Are.flac
May 09 22:37 : update: added Breaking Benjamin/Phobia (2006)/10. Unknown Soldier.flac
May 09 22:37 : update: added Breaking Benjamin/Phobia (2006)/11. Had Enough.flac
May 09 22:37 : update: added Breaking Benjamin/Phobia (2006)/12. You Fight Me.flac
May 09 22:37 : update: added Breaking Benjamin/Phobia (2006)/13. Outro.flac
May 09 22:37 : update: added Breaking Benjamin/Phobia (2006)/14. The Diary of Jane (acoustic).flac
May 09 22:37 : update: added Breaking Benjamin/Phobia (2006)/15. So Cold (acoustic).flac
May 09 22:37 : update: added Breaking Benjamin/Phobia (2006)/16. Rain (2005).flac
May 09 22:37 : update: added Bullet for My Valentine/Venom (2015)/01. V.flac
May 09 22:37 : update: added Bullet for My Valentine/Venom (2015)/02. No Way Out.flac
May 09 22:37 : update: added Bullet for My Valentine/Venom (2015)/03. Army of Noise.flac
May 09 22:37 : update: added Bullet for My Valentine/Venom (2015)/04. Worthless.flac
May 09 22:37 : update: added Bullet for My Valentine/Venom (2015)/05. You Want a Battle (Here’s a War).flac
May 09 22:37 : update: added Bullet for My Valentine/Venom (2015)/06. Broken.flac
May 09 22:37 : update: added Bullet for My Valentine/Venom (2015)/07. Venom.flac
May 09 22:37 : update: added Bullet for My Valentine/Venom (2015)/08. The Harder the Heart (The Harder It Breaks).flac
May 09 22:37 : update: added Bullet for My Valentine/Venom (2015)/09. Skin.flac
May 09 22:37 : update: added Bullet for My Valentine/Venom (2015)/10. Hell or High Water.flac
May 09 22:37 : update: added Bullet for My Valentine/Venom (2015)/11. Pariah.flac
May 09 22:37 : update: added Bullet for My Valentine/Venom (2015)/12. Playing God.flac
May 09 22:37 : update: added Bullet for My Valentine/Venom (2015)/13. Run for Your Life.flac
May 09 22:37 : update: added Bullet for My Valentine/Venom (2015)/14. In Loving Memory.flac
May 09 22:37 : update: added Bullet for My Valentine/Venom (2015)/15. Raising Hell.flac
May 09 22:37 : update: added CL/Hello Bitches - Single (2015)/01. Hello Bitches.flac
May 09 22:37 : update: added Coldplay/Ghost Stories (Deluxe) (2014)/01. Always In My Head.mp3
May 09 22:37 : update: added Coldplay/Ghost Stories (Deluxe) (2014)/02. Magic.mp3
May 09 22:37 : update: added Coldplay/Ghost Stories (Deluxe) (2014)/03. Ink.mp3
May 09 22:37 : update: added Coldplay/Ghost Stories (Deluxe) (2014)/04. True Love.mp3
May 09 22:37 : update: added Coldplay/Ghost Stories (Deluxe) (2014)/05. Midnight.mp3
May 09 22:37 : update: added Coldplay/Ghost Stories (Deluxe) (2014)/06. Another's Arms.mp3
May 09 22:37 : update: added Coldplay/Ghost Stories (Deluxe) (2014)/07. Oceans.mp3
May 09 22:37 : update: added Coldplay/Ghost Stories (Deluxe) (2014)/08. A Sky Full of Stars.mp3
May 09 22:37 : update: added Coldplay/Ghost Stories (Deluxe) (2014)/09. O.mp3
May 09 22:37 : update: added Coldplay/Ghost Stories (Deluxe) (2014)/10. All Your Friends.mp3
May 09 22:37 : update: added Coldplay/Ghost Stories (Deluxe) (2014)/11. Ghost Story.mp3
May 09 22:37 : update: added Coldplay/Ghost Stories (Deluxe) (2014)/12. O (Part 2 - Reprise).mp3
May 09 22:37 : update: added Demi Lovato/Confident (2015)/01. Confident.mp3
May 09 22:37 : update: added Demi Lovato/Confident (2015)/02. Cool for the Summer.mp3
May 09 22:37 : update: added Demi Lovato/Confident (2015)/03. Old Ways.mp3
May 09 22:37 : update: added Demi Lovato/Confident (2015)/04. For You.mp3
May 09 22:37 : update: added Demi Lovato/Confident (2015)/05. Stone Cold.mp3
May 09 22:37 : update: added Demi Lovato/Confident (2015)/06. Kingdom Come (feat. Iggy Azalea).mp3
May 09 22:37 : update: added Demi Lovato/Confident (2015)/07. Waitin for You (feat. Sirah).mp3
May 09 22:37 : update: added Demi Lovato/Confident (2015)/08. Wildfire.mp3
May 09 22:37 : update: added Demi Lovato/Confident (2015)/09. Lionheart.mp3
May 09 22:37 : update: added Demi Lovato/Confident (2015)/10. Yes.mp3
May 09 22:37 : client: [0] opened from [::1]:40316
May 09 22:37 : avahi: Service 'MPD Music Player' successfully established.
May 09 22:37 : update: added Demi Lovato/Confident (2015)/11. Father.mp3
May 09 22:37 : update: added Demi Lovato/Confident (2015)/12. Stars.mp3
May 09 22:37 : update: added Demi Lovato/Confident (2015)/13. Mr. Hughes.mp3
May 09 22:37 : update: added Demi Lovato/Confident (2015)/14. Cool for the Summer (Jump Smokers remix).mp3
May 09 22:37 : update: added Demi Lovato/Confident (2015)/15. Cool for the Summer (Suraci remix).mp3
May 09 22:37 : update: added Disturbed/Asylum (2010)/01. Remnants.mp3
May 09 22:37 : update: added Disturbed/Asylum (2010)/02. Asylum.mp3
May 09 22:37 : update: added Disturbed/Asylum (2010)/03. The Infection.mp3
May 09 22:37 : update: added Disturbed/Asylum (2010)/04. Warrior.mp3
May 09 22:37 : update: added Disturbed/Asylum (2010)/05. Another Way to Die.mp3
May 09 22:37 : update: added Disturbed/Asylum (2010)/06. Never Again.mp3
May 09 22:37 : update: added Disturbed/Asylum (2010)/07. The Animal.mp3
May 09 22:37 : update: added Disturbed/Asylum (2010)/08. Crucified.mp3
May 09 22:37 : update: added Disturbed/Asylum (2010)/09. Serpentine.mp3
May 09 22:37 : update: added Disturbed/Asylum (2010)/10. My Child.mp3
May 09 22:37 : update: added Disturbed/Asylum (2010)/11. Sacrifice.mp3
May 09 22:37 : update: added Disturbed/Asylum (2010)/12. Innocence.mp3
May 09 22:37 : update: added Disturbed/Asylum (2010)/13. I Still Haven't Found What I'm Looking For (U2 Cover).mp3
May 09 22:37 : update: added Disturbed/Asylum (2010)/14. Down With The Sickness (Live).mp3
May 09 22:37 : update: added Disturbed/Asylum (2010)/15. Stricken (Live).mp3
May 09 22:37 : update: added Disturbed/Believe (2002)/01. Prayer.mp3
May 09 22:37 : update: added Disturbed/Believe (2002)/02. Liberate.mp3
May 09 22:37 : update: added Disturbed/Believe (2002)/03. Awaken.mp3
May 09 22:37 : update: added Disturbed/Believe (2002)/04. Believe.mp3
May 09 22:37 : update: added Disturbed/Believe (2002)/05. Remember.mp3
May 09 22:37 : update: added Disturbed/Believe (2002)/06. Intoxication.mp3
May 09 22:37 : update: added Disturbed/Believe (2002)/07. Rise.mp3
May 09 22:37 : update: added Disturbed/Believe (2002)/08. Mistress.mp3
May 09 22:37 : update: added Disturbed/Believe (2002)/09. Breathe.mp3
May 09 22:37 : update: added Disturbed/Believe (2002)/10. Bound.mp3
May 09 22:37 : update: added Disturbed/Believe (2002)/11. Devour.mp3
May 09 22:37 : update: added Disturbed/Believe (2002)/12. Darkness.mp3
May 09 22:37 : update: added Disturbed/Immortalized (2015)/01. The Eye of the Storm.flac
May 09 22:37 : update: added Disturbed/Immortalized (2015)/02. Immortalized.flac
May 09 22:37 : update: added Disturbed/Immortalized (2015)/03. The Vengeful One.flac
May 09 22:37 : update: added Disturbed/Immortalized (2015)/04. Open Your Eyes.flac
May 09 22:37 : update: added Disturbed/Immortalized (2015)/05. The Light.flac
May 09 22:37 : update: added Disturbed/Immortalized (2015)/06. What Are You Waiting For.flac
May 09 22:37 : update: added Disturbed/Immortalized (2015)/07. You’re Mine.flac
May 09 22:37 : update: added Disturbed/Immortalized (2015)/08. Who.flac
May 09 22:37 : update: added Disturbed/Immortalized (2015)/09. Save Our Last Goodbye.flac
May 09 22:37 : update: added Disturbed/Immortalized (2015)/10. Fire It Up.flac
May 09 22:37 : update: added Disturbed/Immortalized (2015)/11. The Sound of Silence.flac
May 09 22:37 : update: added Disturbed/Immortalized (2015)/12. Never Wrong.flac
May 09 22:37 : update: added Disturbed/Immortalized (2015)/13. Who Taught You How to Hate.flac
May 09 22:37 : update: added Disturbed/Immortalized (2015)/14. Tyrant.flac
May 09 22:37 : update: added Disturbed/Immortalized (2015)/15. Legion of Monsters.flac
May 09 22:37 : update: added Disturbed/Immortalized (2015)/16. The Brave and the Bold.flac
May 09 22:37 : update: added Disturbed/Indestructible (2008)/01. Indestructible.mp3
May 09 22:37 : update: added Disturbed/Indestructible (2008)/02. Inside the Fire.mp3
May 09 22:37 : update: added Disturbed/Indestructible (2008)/03. Deceiver.mp3
May 09 22:37 : update: added Disturbed/Indestructible (2008)/04. The Night.mp3
May 09 22:37 : update: added Disturbed/Indestructible (2008)/05. Perfect Insanity.mp3
May 09 22:37 : update: added Disturbed/Indestructible (2008)/06. Haunted.mp3
May 09 22:37 : update: added Disturbed/Indestructible (2008)/07. Enough.mp3
May 09 22:37 : update: added Disturbed/Indestructible (2008)/08. The Curse.mp3
May 09 22:37 : update: added Disturbed/Indestructible (2008)/09. Torn.mp3
May 09 22:37 : update: added Disturbed/Indestructible (2008)/10. Criminal.mp3
May 09 22:37 : update: added Disturbed/Indestructible (2008)/11. Divide.mp3
May 09 22:37 : update: added Disturbed/Indestructible (2008)/12. Façade.mp3
May 09 22:37 : update: added Disturbed/Ten Thousand Fists (2005)/01. Ten Thousand Fists.mp3
May 09 22:37 : update: added Disturbed/Ten Thousand Fists (2005)/02. Just Stop.mp3
May 09 22:37 : update: added Disturbed/Ten Thousand Fists (2005)/03. Guarded.mp3
May 09 22:37 : update: added Disturbed/Ten Thousand Fists (2005)/04. Deify.mp3
May 09 22:37 : update: added Disturbed/Ten Thousand Fists (2005)/05. Stricken.mp3
May 09 22:37 : update: added Disturbed/Ten Thousand Fists (2005)/06. I'm Alive.mp3
May 09 22:37 : update: added Disturbed/Ten Thousand Fists (2005)/07. Sons of Plunder.mp3
May 09 22:37 : update: added Disturbed/Ten Thousand Fists (2005)/08. Overburdened.mp3
May 09 22:37 : update: added Disturbed/Ten Thousand Fists (2005)/09. Decadence.mp3
May 09 22:37 : update: added Disturbed/Ten Thousand Fists (2005)/10. Forgiven.mp3
May 09 22:37 : update: added Disturbed/Ten Thousand Fists (2005)/11. Land of Confusion.mp3
May 09 22:37 : update: added Disturbed/Ten Thousand Fists (2005)/12. Sacred Lie.mp3
May 09 22:37 : update: added Disturbed/Ten Thousand Fists (2005)/13. Pain Redefined.mp3
May 09 22:37 : update: added Disturbed/Ten Thousand Fists (2005)/14. Avarice.mp3
May 09 22:37 : update: added Disturbed/The Lost Children (2011)/01. Hell.mp3
May 09 22:37 : update: added Disturbed/The Lost Children (2011)/02. A Welcome Burden.mp3
May 09 22:37 : update: added Disturbed/The Lost Children (2011)/03. This Moment.mp3
May 09 22:37 : update: added Disturbed/The Lost Children (2011)/04. Old Friend.mp3
May 09 22:37 : update: added Disturbed/The Lost Children (2011)/05. Monster.mp3
May 09 22:37 : update: added Disturbed/The Lost Children (2011)/06. Run.mp3
May 09 22:37 : update: added Disturbed/The Lost Children (2011)/07. Leave It Alone.mp3
May 09 22:37 : update: added Disturbed/The Lost Children (2011)/08. Two Worlds.mp3
May 09 22:37 : update: added Disturbed/The Lost Children (2011)/09. God of the Mind.mp3
May 09 22:37 : update: added Disturbed/The Lost Children (2011)/10. Sickened.mp3
May 09 22:37 : update: added Disturbed/The Lost Children (2011)/11. Mine.mp3
May 09 22:37 : update: added Disturbed/The Lost Children (2011)/12. Parasite.mp3
May 09 22:37 : update: added Disturbed/The Lost Children (2011)/13. Dehumanized.mp3
May 09 22:37 : update: added Disturbed/The Lost Children (2011)/14. 3.mp3
May 09 22:37 : update: added Disturbed/The Lost Children (2011)/15. Midlife Crisis.mp3
May 09 22:37 : update: added Disturbed/The Lost Children (2011)/16. Living After Midnight.mp3
May 09 22:37 : update: added Disturbed/The Sickness (2000)/01. Voices.mp3
May 09 22:37 : update: added Disturbed/The Sickness (2000)/02. The Game.mp3
May 09 22:37 : update: added Disturbed/The Sickness (2000)/03. Stupify.mp3
May 09 22:37 : update: added Disturbed/The Sickness (2000)/04. Down With the Sickness.mp3
May 09 22:37 : update: added Disturbed/The Sickness (2000)/05. Violence Fetish.mp3
May 09 22:37 : update: added Disturbed/The Sickness (2000)/06. Fear.mp3
May 09 22:37 : update: added Disturbed/The Sickness (2000)/07. Numb.mp3
May 09 22:37 : update: added Disturbed/The Sickness (2000)/08. Want.mp3
May 09 22:37 : update: added Disturbed/The Sickness (2000)/09. Conflict.mp3
May 09 22:37 : update: added Disturbed/The Sickness (2000)/10. Shout 2000.mp3
May 09 22:37 : update: added Disturbed/The Sickness (2000)/11. Droppin' Plates.mp3
May 09 22:37 : update: added Disturbed/The Sickness (2000)/12. Meaning of Life.mp3
May 09 22:37 : update: added Ed Sheeran/X (Deluxe Edition) (2014)/01. One.flac
May 09 22:37 : update: added Ed Sheeran/X (Deluxe Edition) (2014)/02. I'm A Mess.flac
May 09 22:37 : update: added Ed Sheeran/X (Deluxe Edition) (2014)/03. Sing.flac
May 09 22:37 : update: added Ed Sheeran/X (Deluxe Edition) (2014)/04. Don't.flac
May 09 22:37 : update: added Ed Sheeran/X (Deluxe Edition) (2014)/05. Nina.flac
May 09 22:37 : update: added Ed Sheeran/X (Deluxe Edition) (2014)/06. Photograph.flac
May 09 22:37 : update: added Ed Sheeran/X (Deluxe Edition) (2014)/07. Bloodstream.flac
May 09 22:37 : update: added Ed Sheeran/X (Deluxe Edition) (2014)/08. Tenerife Sea.flac
May 09 22:37 : update: added Ed Sheeran/X (Deluxe Edition) (2014)/09. Runaway.flac
May 09 22:37 : update: added Ed Sheeran/X (Deluxe Edition) (2014)/10. The Man.flac
May 09 22:37 : update: added Ed Sheeran/X (Deluxe Edition) (2014)/11. Thinking Out Loud.flac
May 09 22:37 : update: added Ed Sheeran/X (Deluxe Edition) (2014)/12. Afire Love.flac
May 09 22:37 : update: added Ed Sheeran/X (Deluxe Edition) (2014)/13. Take It Back.flac
May 09 22:37 : update: added Ed Sheeran/X (Deluxe Edition) (2014)/14. Shirtsleeves.flac
May 09 22:37 : update: added Ed Sheeran/X (Deluxe Edition) (2014)/15. Even My Dad Does Sometimes.flac
May 09 22:37 : update: added Ed Sheeran/X (Deluxe Edition) (2014)/16. I See Fire.flac
May 09 22:37 : update: added Ellie Goulding/Delirium (2015)/01. Intro (Delirium).flac
May 09 22:37 : update: added Ellie Goulding/Delirium (2015)/02. Aftertaste.flac
May 09 22:37 : update: added Ellie Goulding/Delirium (2015)/03. Something in the Way You Move.flac
May 09 22:37 : update: added Ellie Goulding/Delirium (2015)/04. Keep on Dancin’.flac
May 09 22:37 : update: added Ellie Goulding/Delirium (2015)/05. On My Mind.flac
May 09 22:37 : update: added Ellie Goulding/Delirium (2015)/06. Around U.flac
May 09 22:37 : update: added Ellie Goulding/Delirium (2015)/07. Codes.flac
May 09 22:37 : update: added Ellie Goulding/Delirium (2015)/08. Holding on for Life.flac
May 09 22:37 : update: added Ellie Goulding/Delirium (2015)/09. Love Me Like You Do.flac
May 09 22:37 : update: added Ellie Goulding/Delirium (2015)/10. Don't Need Nobody.flac
May 09 22:37 : update: added Ellie Goulding/Delirium (2015)/11. Don’t Panic.flac
May 09 22:37 : update: added Ellie Goulding/Delirium (2015)/12. We Can’t Move to This.flac
May 09 22:37 : update: added Ellie Goulding/Delirium (2015)/13. Army.flac
May 09 22:37 : update: added Ellie Goulding/Delirium (2015)/14. Lost and Found.flac
May 09 22:37 : update: added Ellie Goulding/Delirium (2015)/15. Devotion.flac
May 09 22:37 : update: added Ellie Goulding/Delirium (2015)/16. Scream It Out.flac
May 09 22:37 : update: added Ellie Goulding/Delirium (2015)/17. The Greatest.flac
May 09 22:37 : update: added Ellie Goulding/Delirium (2015)/18. I Do What I Love.flac
May 09 22:37 : update: added Ellie Goulding/Delirium (2015)/19. Paradise.flac
May 09 22:37 : update: added Ellie Goulding/Delirium (2015)/20. Winner.flac
May 09 22:37 : update: added Ellie Goulding/Delirium (2015)/21. Heal.flac
May 09 22:37 : update: added Ellie Goulding/Delirium (2015)/22. Outside (feat. Ellie Goulding).flac
May 09 22:37 : ffmpeg/mov,mp4,m4a,3gp,3g2,mj2: stream 0, timescale not set
May 09 22:37 : ffmpeg/mjpeg: Changing bps to 8
May 09 22:37 : update: added Ellie Goulding/Halcyon Days (Deluxe Edition) (2013)/01. Don't Say a Word.m4a
May 09 22:37 : ffmpeg/mov,mp4,m4a,3gp,3g2,mj2: stream 0, timescale not set
May 09 22:37 : ffmpeg/mjpeg: Changing bps to 8
May 09 22:37 : update: added Ellie Goulding/Halcyon Days (Deluxe Edition) (2013)/02. My Blood.m4a
May 09 22:37 : ffmpeg/mov,mp4,m4a,3gp,3g2,mj2: stream 0, timescale not set
May 09 22:37 : ffmpeg/mjpeg: Changing bps to 8
May 09 22:37 : update: added Ellie Goulding/Halcyon Days (Deluxe Edition) (2013)/03. Anything Could Happen.m4a
May 09 22:37 : ffmpeg/mov,mp4,m4a,3gp,3g2,mj2: stream 0, timescale not set
May 09 22:37 : ffmpeg/mjpeg: Changing bps to 8
May 09 22:37 : update: added Ellie Goulding/Halcyon Days (Deluxe Edition) (2013)/04. Only You.m4a
May 09 22:37 : ffmpeg/mov,mp4,m4a,3gp,3g2,mj2: stream 0, timescale not set
May 09 22:37 : ffmpeg/mjpeg: Changing bps to 8
May 09 22:37 : update: added Ellie Goulding/Halcyon Days (Deluxe Edition) (2013)/05. Halcyon.m4a
May 09 22:37 : ffmpeg/mov,mp4,m4a,3gp,3g2,mj2: stream 0, timescale not set
May 09 22:37 : ffmpeg/mjpeg: Changing bps to 8
May 09 22:37 : update: added Ellie Goulding/Halcyon Days (Deluxe Edition) (2013)/06. Figure 8.m4a
May 09 22:37 : ffmpeg/mov,mp4,m4a,3gp,3g2,mj2: stream 0, timescale not set
May 09 22:37 : ffmpeg/mjpeg: Changing bps to 8
May 09 22:37 : update: added Ellie Goulding/Halcyon Days (Deluxe Edition) (2013)/07. Joy.m4a
May 09 22:37 : ffmpeg/mov,mp4,m4a,3gp,3g2,mj2: stream 0, timescale not set
May 09 22:37 : ffmpeg/mjpeg: Changing bps to 8
May 09 22:37 : update: added Ellie Goulding/Halcyon Days (Deluxe Edition) (2013)/08. Hanging On (Edit).m4a
May 09 22:37 : ffmpeg/mov,mp4,m4a,3gp,3g2,mj2: stream 0, timescale not set
May 09 22:37 : ffmpeg/mjpeg: Changing bps to 8
May 09 22:37 : update: added Ellie Goulding/Halcyon Days (Deluxe Edition) (2013)/09. Explosions.m4a
May 09 22:37 : ffmpeg/mov,mp4,m4a,3gp,3g2,mj2: stream 0, timescale not set
May 09 22:37 : ffmpeg/mjpeg: Changing bps to 8
May 09 22:37 : update: added Ellie Goulding/Halcyon Days (Deluxe Edition) (2013)/10. I Know You Care.m4a
May 09 22:37 : ffmpeg/mov,mp4,m4a,3gp,3g2,mj2: stream 0, timescale not set
May 09 22:37 : ffmpeg/mjpeg: Changing bps to 8
May 09 22:37 : update: added Ellie Goulding/Halcyon Days (Deluxe Edition) (2013)/11. Atlantis.m4a
May 09 22:37 : ffmpeg/mov,mp4,m4a,3gp,3g2,mj2: stream 0, timescale not set
May 09 22:37 : ffmpeg/mjpeg: Changing bps to 8
May 09 22:37 : update: added Ellie Goulding/Halcyon Days (Deluxe Edition) (2013)/12. Dead In the Water.m4a
May 09 22:37 : ffmpeg/mov,mp4,m4a,3gp,3g2,mj2: stream 0, timescale not set
May 09 22:37 : ffmpeg/mjpeg: Changing bps to 8
May 09 22:37 : update: added Ellie Goulding/Halcyon Days (Deluxe Edition) (2013)/13. Lights (Single Version).m4a
May 09 22:37 : ffmpeg/mov,mp4,m4a,3gp,3g2,mj2: stream 0, timescale not set
May 09 22:37 : ffmpeg/mjpeg: Changing bps to 8
May 09 22:37 : update: added Ellie Goulding/Halcyon Days (Deluxe Edition) (2013)/14. I Need Your Love (feat. Ellie Goulding).m4a
May 09 22:37 : ffmpeg/mov,mp4,m4a,3gp,3g2,mj2: stream 0, timescale not set
May 09 22:37 : ffmpeg/mjpeg: Changing bps to 8
May 09 22:37 : update: added Ellie Goulding/Halcyon Days (Deluxe Edition) (2013)/15. Ritual.m4a
May 09 22:37 : ffmpeg/mov,mp4,m4a,3gp,3g2,mj2: stream 0, timescale not set
May 09 22:37 : ffmpeg/mjpeg: Changing bps to 8
May 09 22:37 : update: added Ellie Goulding/Halcyon Days (Deluxe Edition) (2013)/16. In My City.m4a
May 09 22:37 : ffmpeg/mov,mp4,m4a,3gp,3g2,mj2: stream 0, timescale not set
May 09 22:37 : ffmpeg/mjpeg: Changing bps to 8
May 09 22:37 : update: added Ellie Goulding/Halcyon Days (Deluxe Edition) (2013)/17. Without Your Love.m4a
May 09 22:37 : ffmpeg/mov,mp4,m4a,3gp,3g2,mj2: stream 0, timescale not set
May 09 22:37 : ffmpeg/mjpeg: Changing bps to 8
May 09 22:37 : update: added Ellie Goulding/Halcyon Days (Deluxe Edition) (2013)/18. Hanging On (feat. Tinie Tempah) [Full Length Version].m4a
May 09 22:37 : ffmpeg/mov,mp4,m4a,3gp,3g2,mj2: stream 0, timescale not set
May 09 22:37 : ffmpeg/mjpeg: Changing bps to 8
May 09 22:37 : update: added Ellie Goulding/Halcyon Days (Deluxe Edition) (2013)/19. Burn.m4a
May 09 22:37 : ffmpeg/mov,mp4,m4a,3gp,3g2,mj2: stream 0, timescale not set
May 09 22:37 : ffmpeg/mjpeg: Changing bps to 8
May 09 22:37 : update: added Ellie Goulding/Halcyon Days (Deluxe Edition) (2013)/20. Goodness Gracious.m4a
May 09 22:37 : ffmpeg/mov,mp4,m4a,3gp,3g2,mj2: stream 0, timescale not set
May 09 22:37 : ffmpeg/mjpeg: Changing bps to 8
May 09 22:37 : update: added Ellie Goulding/Halcyon Days (Deluxe Edition) (2013)/21. You My Everything.m4a
May 09 22:37 : ffmpeg/mov,mp4,m4a,3gp,3g2,mj2: stream 0, timescale not set
May 09 22:37 : ffmpeg/mjpeg: Changing bps to 8
May 09 22:37 : update: added Ellie Goulding/Halcyon Days (Deluxe Edition) (2013)/22. Hearts Without Chains.m4a
May 09 22:37 : ffmpeg/mov,mp4,m4a,3gp,3g2,mj2: stream 0, timescale not set
May 09 22:37 : ffmpeg/mjpeg: Changing bps to 8
May 09 22:37 : update: added Ellie Goulding/Halcyon Days (Deluxe Edition) (2013)/23. Stay Awake (w Madeon).m4a
May 09 22:37 : ffmpeg/mov,mp4,m4a,3gp,3g2,mj2: stream 0, timescale not set
May 09 22:37 : ffmpeg/mjpeg: Changing bps to 8
May 09 22:37 : update: added Ellie Goulding/Halcyon Days (Deluxe Edition) (2013)/24. Under Control.m4a
May 09 22:37 : ffmpeg/mov,mp4,m4a,3gp,3g2,mj2: stream 0, timescale not set
May 09 22:37 : ffmpeg/mjpeg: Changing bps to 8
May 09 22:37 : update: added Ellie Goulding/Halcyon Days (Deluxe Edition) (2013)/25. Flashlight (w DJ Fresh).m4a
May 09 22:37 : ffmpeg/mov,mp4,m4a,3gp,3g2,mj2: stream 0, timescale not set
May 09 22:37 : ffmpeg/mjpeg: Changing bps to 8
May 09 22:37 : update: added Ellie Goulding/Halcyon Days (Deluxe Edition) (2013)/26. How Long Will I Love You.m4a
May 09 22:37 : ffmpeg/mov,mp4,m4a,3gp,3g2,mj2: stream 0, timescale not set
May 09 22:37 : ffmpeg/mjpeg: Changing bps to 8
May 09 22:37 : update: added Ellie Goulding/Halcyon Days (Deluxe Edition) (2013)/27. Tessellate.m4a
May 09 22:37 : ffmpeg/mov,mp4,m4a,3gp,3g2,mj2: stream 0, timescale not set
May 09 22:37 : ffmpeg/mjpeg: Changing bps to 8
May 09 22:37 : update: added Ellie Goulding/Halcyon Days (Deluxe Edition) (2013)/28. Midas Touch (Ellie Goulding x BURNS).m4a
May 09 22:37 : update: added Fall Out Boy/American BeautyAmerican Psycho (2015)/01. Irresistible.flac
May 09 22:37 : update: added Fall Out Boy/American BeautyAmerican Psycho (2015)/02. American BeautyAmerican Psycho.flac
May 09 22:37 : update: added Fall Out Boy/American BeautyAmerican Psycho (2015)/03. Centuries.flac
May 09 22:37 : update: added Fall Out Boy/American BeautyAmerican Psycho (2015)/04. The Kids Aren't Alright.flac
May 09 22:37 : update: added Fall Out Boy/American BeautyAmerican Psycho (2015)/05. Uma Thurman.flac
May 09 22:37 : update: added Fall Out Boy/American BeautyAmerican Psycho (2015)/06. Jet Pack Blues.flac
May 09 22:37 : update: added Fall Out Boy/American BeautyAmerican Psycho (2015)/07. Novocaine.flac
May 09 22:37 : update: added Fall Out Boy/American BeautyAmerican Psycho (2015)/08. Fourth Of July.flac
May 09 22:37 : update: added Fall Out Boy/American BeautyAmerican Psycho (2015)/09. Favorite Record.flac
May 09 22:37 : update: added Fall Out Boy/American BeautyAmerican Psycho (2015)/10. Immortals.flac
May 09 22:37 : update: added Fall Out Boy/American BeautyAmerican Psycho (2015)/11. Twin Skeleton's (Hotel In NYC).flac
May 09 22:37 : update: added Fall Out Boy/Save Rock and Roll (2013)/01. The Phoenix.flac
May 09 22:37 : update: added Fall Out Boy/Save Rock and Roll (2013)/02. My Songs Know What You Did In The Dark (Light Em Up).flac
May 09 22:37 : update: added Fall Out Boy/Save Rock and Roll (2013)/03. Alone Together.flac
May 09 22:37 : update: added Fall Out Boy/Save Rock and Roll (2013)/04. Where Did The Party Go.flac
May 09 22:37 : update: added Fall Out Boy/Save Rock and Roll (2013)/05. Just One Yesterday.flac
May 09 22:37 : update: added Fall Out Boy/Save Rock and Roll (2013)/06. The Mighty Fall (feat. Big Sean).flac
May 09 22:37 : update: added Fall Out Boy/Save Rock and Roll (2013)/07. Miss Missing You.flac
May 09 22:37 : update: added Fall Out Boy/Save Rock and Roll (2013)/08. Death Valley.flac
May 09 22:37 : update: added Fall Out Boy/Save Rock and Roll (2013)/09. Young Volcanoes.flac
May 09 22:37 : update: added Fall Out Boy/Save Rock and Roll (2013)/10. Rat A Tat (feat. Courtney Love).flac
May 09 22:37 : update: added Fall Out Boy/Save Rock and Roll (2013)/11. Save Rock And Roll (feat. Elton John).flac
May 09 22:37 : update: added Five Finger Death Punch/American Capitalist (2011)/01. American Capitalist.flac
May 09 22:37 : update: added Five Finger Death Punch/American Capitalist (2011)/02. Under and Over It.flac
May 09 22:37 : update: added Five Finger Death Punch/American Capitalist (2011)/03. The Pride.flac
May 09 22:37 : update: added Five Finger Death Punch/American Capitalist (2011)/04. Coming Down.flac
May 09 22:37 : update: added Five Finger Death Punch/American Capitalist (2011)/05. Menace.flac
May 09 22:37 : update: added Five Finger Death Punch/American Capitalist (2011)/06. Generation Dead.flac
May 09 22:37 : update: added Five Finger Death Punch/American Capitalist (2011)/07. Back for More.flac
May 09 22:37 : update: added Five Finger Death Punch/American Capitalist (2011)/08. Remember Everything.flac
May 09 22:37 : update: added Five Finger Death Punch/American Capitalist (2011)/09. Wicked Ways.flac
May 09 22:37 : update: added Five Finger Death Punch/American Capitalist (2011)/10. If I Fall.flac
May 09 22:37 : update: added Five Finger Death Punch/American Capitalist (2011)/11. 100 Ways to Hate.flac
May 09 22:37 : update: added Five Finger Death Punch/Got Your Six (2015)/01. Got Your Six.flac
May 09 22:37 : update: added Five Finger Death Punch/Got Your Six (2015)/02. Jekyll and Hyde.flac
May 09 22:37 : update: added Five Finger Death Punch/Got Your Six (2015)/03. Wash It All Away.flac
May 09 22:37 : update: added Five Finger Death Punch/Got Your Six (2015)/04. Ain't My Last Dance.flac
May 09 22:37 : update: added Five Finger Death Punch/Got Your Six (2015)/05. My Nemesis.flac
May 09 22:37 : update: added Five Finger Death Punch/Got Your Six (2015)/06. No Sudden Movement.flac
May 09 22:37 : update: added Five Finger Death Punch/Got Your Six (2015)/07. Question Everything.flac
May 09 22:37 : update: added Five Finger Death Punch/Got Your Six (2015)/08. Hell to Pay.flac
May 09 22:37 : update: added Five Finger Death Punch/Got Your Six (2015)/09. Digging My Own Grave.flac
May 09 22:37 : update: added Five Finger Death Punch/Got Your Six (2015)/10. Meet My Maker.flac
May 09 22:37 : update: added Five Finger Death Punch/Got Your Six (2015)/11. Boots and Blood.flac
May 09 22:37 : update: added Five Finger Death Punch/Got Your Six (2015)/12. You’re Not My Kind.flac
May 09 22:37 : update: added Five Finger Death Punch/Got Your Six (2015)/13. This Is My War.flac
May 09 22:37 : update: added Five Finger Death Punch/Got Your Six (2015)/14. I Apologize.flac
May 09 22:37 : update: added Five Finger Death Punch/Got Your Six (2015)/15. (Unlisted Track).flac
May 09 22:37 : update: added Five Finger Death Punch/The Way of the Fist (2008)/01. Ashes.flac
May 09 22:37 : update: added Five Finger Death Punch/The Way of the Fist (2008)/02. The Way of the Fist.flac
May 09 22:37 : update: added Five Finger Death Punch/The Way of the Fist (2008)/03. Salvation.flac
May 09 22:37 : update: added Five Finger Death Punch/The Way of the Fist (2008)/04. The Bleeding.flac
May 09 22:37 : update: added Five Finger Death Punch/The Way of the Fist (2008)/05. A Place to Die.flac
May 09 22:37 : update: added Five Finger Death Punch/The Way of the Fist (2008)/06. The Devil's Own.flac
May 09 22:37 : update: added Five Finger Death Punch/The Way of the Fist (2008)/07. White Knuckles.flac
May 09 22:37 : update: added Five Finger Death Punch/The Way of the Fist (2008)/08. Can't Heal You.flac
May 09 22:37 : update: added Five Finger Death Punch/The Way of the Fist (2008)/09. Death Before Dishonor.flac
May 09 22:37 : update: added Five Finger Death Punch/The Way of the Fist (2008)/10. Meet the Monster.flac
May 09 22:37 : update: added Five Finger Death Punch/The Way of the Fist (2008)/11. Never Enough.flac
May 09 22:37 : update: added Five Finger Death Punch/The Way of the Fist (2008)/12. Stranger Than Fiction.flac
May 09 22:37 : update: added Five Finger Death Punch/The Way of the Fist (2008)/13. The Bleeding (acoustic version).flac
May 09 22:37 : update: added Five Finger Death Punch/The Wrong Side of Heaven and the Righteous Side of Hell Volume 1 (2013)/01. Lift Me Up (feat. Rob Halford).flac
May 09 22:37 : update: added Five Finger Death Punch/The Wrong Side of Heaven and the Righteous Side of Hell Volume 1 (2013)/02. Watch You Bleed.flac
May 09 22:37 : update: added Five Finger Death Punch/The Wrong Side of Heaven and the Righteous Side of Hell Volume 1 (2013)/03. You.flac
May 09 22:37 : update: added Five Finger Death Punch/The Wrong Side of Heaven and the Righteous Side of Hell Volume 1 (2013)/04. Wrong Side of Heaven.flac
May 09 22:37 : update: added Five Finger Death Punch/The Wrong Side of Heaven and the Righteous Side of Hell Volume 1 (2013)/05. Burn MF.flac
May 09 22:37 : update: added Five Finger Death Punch/The Wrong Side of Heaven and the Righteous Side of Hell Volume 1 (2013)/06. I.M.Sin.flac
May 09 22:37 : update: added Five Finger Death Punch/The Wrong Side of Heaven and the Righteous Side of Hell Volume 1 (2013)/07. Anywhere but Here (feat. Maria Brink).flac
May 09 22:37 : update: added Five Finger Death Punch/The Wrong Side of Heaven and the Righteous Side of Hell Volume 1 (2013)/08. Dot Your Eyes.flac
May 09 22:37 : update: added Five Finger Death Punch/The Wrong Side of Heaven and the Righteous Side of Hell Volume 1 (2013)/09. M.I.N.E (End This Way).flac
May 09 22:37 : update: added Five Finger Death Punch/The Wrong Side of Heaven and the Righteous Side of Hell Volume 1 (2013)/10. Mama Said Knock You Out (feat. Tech N9ne).flac
May 09 22:37 : update: added Five Finger Death Punch/The Wrong Side of Heaven and the Righteous Side of Hell Volume 1 (2013)/11. Diary of a Deadman.flac
May 09 22:37 : update: added Five Finger Death Punch/The Wrong Side of Heaven and the Righteous Side of Hell Volume 1 (2013)/12. I.M.Sin (feat. Max Cavalera).flac
May 09 22:37 : update: added Five Finger Death Punch/The Wrong Side of Heaven and the Righteous Side of Hell Volume 1 (2013)/13. Anywhere but Here.flac
May 09 22:37 : update: added Five Finger Death Punch/The Wrong Side of Heaven and the Righteous Side of Hell Volume 1 (2013)/14. Dot Your Eyes (feat. Jamey Jasta).flac
May 09 22:37 : update: added Five Finger Death Punch/The Wrong Side of Heaven and the Righteous Side of Hell Volume 2 (2013)/01. Here to Die.flac
May 09 22:37 : update: added Five Finger Death Punch/The Wrong Side of Heaven and the Righteous Side of Hell Volume 2 (2013)/02. Weight Beneath My Sin.flac
May 09 22:37 : update: added Five Finger Death Punch/The Wrong Side of Heaven and the Righteous Side of Hell Volume 2 (2013)/03. Wrecking Ball.flac
May 09 22:37 : update: added Five Finger Death Punch/The Wrong Side of Heaven and the Righteous Side of Hell Volume 2 (2013)/04. Battle Born.flac
May 09 22:37 : update: added Five Finger Death Punch/The Wrong Side of Heaven and the Righteous Side of Hell Volume 2 (2013)/05. Cradle to the Grave.flac
May 09 22:37 : update: added Five Finger Death Punch/The Wrong Side of Heaven and the Righteous Side of Hell Volume 2 (2013)/06. Matter of Time.flac
May 09 22:37 : update: added Five Finger Death Punch/The Wrong Side of Heaven and the Righteous Side of Hell Volume 2 (2013)/07. The Agony of Regret.flac
May 09 22:37 : update: added Five Finger Death Punch/The Wrong Side of Heaven and the Righteous Side of Hell Volume 2 (2013)/08. Cold.flac
May 09 22:37 : update: added Five Finger Death Punch/The Wrong Side of Heaven and the Righteous Side of Hell Volume 2 (2013)/09. Let This Go.flac
May 09 22:37 : update: added Five Finger Death Punch/The Wrong Side of Heaven and the Righteous Side of Hell Volume 2 (2013)/10. My Heart Lied.flac
May 09 22:37 : update: added Five Finger Death Punch/The Wrong Side of Heaven and the Righteous Side of Hell Volume 2 (2013)/11. A Day in My Life.flac
May 09 22:37 : update: added Five Finger Death Punch/The Wrong Side of Heaven and the Righteous Side of Hell Volume 2 (2013)/12. House of the Rising Sun.flac
May 09 22:37 : update: added Five Finger Death Punch/War Is the Answer (2009)/01. Dying Breed.flac
May 09 22:37 : update: added Five Finger Death Punch/War Is the Answer (2009)/02. Hard to See.flac
May 09 22:37 : update: added Five Finger Death Punch/War Is the Answer (2009)/03. Bulletproof.flac
May 09 22:37 : update: added Five Finger Death Punch/War Is the Answer (2009)/04. No One Gets Left Behind.flac
May 09 22:37 : update: added Five Finger Death Punch/War Is the Answer (2009)/05. Crossing Over.flac
May 09 22:37 : update: added Five Finger Death Punch/War Is the Answer (2009)/06. Burn It Down.flac
May 09 22:37 : update: added Five Finger Death Punch/War Is the Answer (2009)/07. Far From Home.flac
May 09 22:37 : update: added Five Finger Death Punch/War Is the Answer (2009)/08. Falling in Hate.flac
May 09 22:37 : update: added Five Finger Death Punch/War Is the Answer (2009)/09. My Own Hell.flac
May 09 22:37 : update: added Five Finger Death Punch/War Is the Answer (2009)/10. Walk Away.flac
May 09 22:37 : update: added Five Finger Death Punch/War Is the Answer (2009)/11. Canto 34.flac
May 09 22:37 : update: added Five Finger Death Punch/War Is the Answer (2009)/12. Bad Company.flac
May 09 22:37 : update: added Five Finger Death Punch/War Is the Answer (2009)/13. War Is the Answer.flac
May 09 22:37 : update: added Ghost/Infestissumam (2013)/01. Infestissumam.flac
May 09 22:37 : update: added Ghost/Infestissumam (2013)/02. Per Aspera Ad Inferi.flac
May 09 22:37 : update: added Ghost/Infestissumam (2013)/03. Secular Haze.flac
May 09 22:37 : update: added Ghost/Infestissumam (2013)/04. Jigolo Har Megiddo.flac
May 09 22:37 : update: added Ghost/Infestissumam (2013)/05. Ghuleh  Zombie Queen.flac
May 09 22:37 : update: added Ghost/Infestissumam (2013)/06. Year Zero.flac
May 09 22:37 : update: added Ghost/Infestissumam (2013)/07. Body And Blood.flac
May 09 22:37 : update: added Ghost/Infestissumam (2013)/08. Idolatrine.flac
May 09 22:37 : update: added Ghost/Infestissumam (2013)/09. Depth Of Satan's Eyes.flac
May 09 22:37 : update: added Ghost/Infestissumam (2013)/10. Monstrance Clock.flac
May 09 22:37 : update: added Ghost/Infestissumam (2013)/11. La Mantra Mori.flac
May 09 22:37 : update: added Ghost/Infestissumam (2013)/12. I'm a Marionette.flac
May 09 22:37 : update: added Ghost/Meliora (2015)/01. Spirit.flac
May 09 22:37 : update: added Ghost/Meliora (2015)/02. From The Pinnacle To The Pit.flac
May 09 22:37 : update: added Ghost/Meliora (2015)/03. Cirice.flac
May 09 22:37 : update: added Ghost/Meliora (2015)/04. Spöksonat.flac
May 09 22:37 : update: added Ghost/Meliora (2015)/05. He Is.flac
May 09 22:37 : update: added Ghost/Meliora (2015)/06. Mummy Dust.flac
May 09 22:37 : update: added Ghost/Meliora (2015)/07. Majesty.flac
May 09 22:37 : update: added Ghost/Meliora (2015)/08. Devil Church.flac
May 09 22:37 : update: added Ghost/Meliora (2015)/09. Absolution.flac
May 09 22:37 : update: added Ghost/Meliora (2015)/10. Deus In Absentia.flac
May 09 22:37 : ffmpeg/mov,mp4,m4a,3gp,3g2,mj2: stream 0, timescale not set
May 09 22:37 : ffmpeg/mjpeg: Changing bps to 8
May 09 22:37 : update: added Grimes/Art Angels (2015)/01. Laughing and Not Being Normal.m4a
May 09 22:37 : ffmpeg/mov,mp4,m4a,3gp,3g2,mj2: stream 0, timescale not set
May 09 22:37 : ffmpeg/mjpeg: Changing bps to 8
May 09 22:37 : update: added Grimes/Art Angels (2015)/02. California.m4a
May 09 22:37 : ffmpeg/mov,mp4,m4a,3gp,3g2,mj2: stream 0, timescale not set
May 09 22:37 : ffmpeg/mjpeg: Changing bps to 8
May 09 22:37 : update: added Grimes/Art Angels (2015)/03. Scream (feat. Aristophanes).m4a
May 09 22:37 : ffmpeg/mov,mp4,m4a,3gp,3g2,mj2: stream 0, timescale not set
May 09 22:37 : ffmpeg/mjpeg: Changing bps to 8
May 09 22:37 : update: added Grimes/Art Angels (2015)/04. Flesh without Blood.m4a
May 09 22:37 : ffmpeg/mov,mp4,m4a,3gp,3g2,mj2: stream 0, timescale not set
May 09 22:37 : ffmpeg/mjpeg: Changing bps to 8
May 09 22:37 : update: added Grimes/Art Angels (2015)/05. Belly of the Beat.m4a
May 09 22:37 : ffmpeg/mov,mp4,m4a,3gp,3g2,mj2: stream 0, timescale not set
May 09 22:37 : ffmpeg/mjpeg: Changing bps to 8
May 09 22:37 : update: added Grimes/Art Angels (2015)/06. Kill V. Maim.m4a
May 09 22:37 : ffmpeg/mov,mp4,m4a,3gp,3g2,mj2: stream 0, timescale not set
May 09 22:37 : ffmpeg/mjpeg: Changing bps to 8
May 09 22:37 : update: added Grimes/Art Angels (2015)/07. Artangels.m4a
May 09 22:37 : ffmpeg/mov,mp4,m4a,3gp,3g2,mj2: stream 0, timescale not set
May 09 22:37 : ffmpeg/mjpeg: Changing bps to 8
May 09 22:37 : update: added Grimes/Art Angels (2015)/08. Easily.m4a
May 09 22:37 : ffmpeg/mov,mp4,m4a,3gp,3g2,mj2: stream 0, timescale not set
May 09 22:37 : ffmpeg/mjpeg: Changing bps to 8
May 09 22:37 : update: added Grimes/Art Angels (2015)/09. Pin.m4a
May 09 22:37 : ffmpeg/mov,mp4,m4a,3gp,3g2,mj2: stream 0, timescale not set
May 09 22:37 : ffmpeg/mjpeg: Changing bps to 8
May 09 22:37 : update: added Grimes/Art Angels (2015)/10. REALiTi.m4a
May 09 22:37 : ffmpeg/mov,mp4,m4a,3gp,3g2,mj2: stream 0, timescale not set
May 09 22:37 : ffmpeg/mjpeg: Changing bps to 8
May 09 22:37 : update: added Grimes/Art Angels (2015)/11. World Princess, Pt. II.m4a
May 09 22:37 : ffmpeg/mov,mp4,m4a,3gp,3g2,mj2: stream 0, timescale not set
May 09 22:37 : ffmpeg/mjpeg: Changing bps to 8
May 09 22:37 : update: added Grimes/Art Angels (2015)/12. Venus Fly (feat. Janelle Monáe).m4a
May 09 22:37 : ffmpeg/mov,mp4,m4a,3gp,3g2,mj2: stream 0, timescale not set
May 09 22:37 : ffmpeg/mjpeg: Changing bps to 8
May 09 22:37 : update: added Grimes/Art Angels (2015)/13. Life in the Vivid Dream.m4a
May 09 22:37 : ffmpeg/mov,mp4,m4a,3gp,3g2,mj2: stream 0, timescale not set
May 09 22:37 : ffmpeg/mjpeg: Changing bps to 8
May 09 22:37 : update: added Grimes/Art Angels (2015)/14. Butterfly.m4a
May 09 22:37 : update: added Guns N’ Roses/Appetite for Destruction (1987)/01. Welcome to the Jungle.mp3
May 09 22:37 : update: added Guns N’ Roses/Appetite for Destruction (1987)/02. It's So Easy.mp3
May 09 22:37 : update: added Guns N’ Roses/Appetite for Destruction (1987)/03. Nightrain.mp3
May 09 22:37 : update: added Guns N’ Roses/Appetite for Destruction (1987)/04. Out ta Get Me.mp3
May 09 22:37 : update: added Guns N’ Roses/Appetite for Destruction (1987)/05. Mr. Brownstone.mp3
May 09 22:37 : update: added Guns N’ Roses/Appetite for Destruction (1987)/06. Paradise City.mp3
May 09 22:37 : update: added Guns N’ Roses/Appetite for Destruction (1987)/07. My Michelle.mp3
May 09 22:37 : update: added Guns N’ Roses/Appetite for Destruction (1987)/08. Think About You.mp3
May 09 22:37 : update: added Guns N’ Roses/Appetite for Destruction (1987)/09. Sweet Child o' Mine.mp3
May 09 22:37 : update: added Guns N’ Roses/Appetite for Destruction (1987)/10. You're Crazy.mp3
May 09 22:37 : update: added Guns N’ Roses/Appetite for Destruction (1987)/11. Anything Goes.mp3
May 09 22:37 : update: added Guns N’ Roses/Appetite for Destruction (1987)/12. Rocket Queen.mp3
May 09 22:37 : update: added Guns N’ Roses/Chinese Democracy (2008)/01. Chinese Democracy.mp3
May 09 22:37 : update: added Guns N’ Roses/Chinese Democracy (2008)/02. Shackler's Revenge.mp3
May 09 22:37 : update: added Guns N’ Roses/Chinese Democracy (2008)/03. Better.mp3
May 09 22:37 : update: added Guns N’ Roses/Chinese Democracy (2008)/04. Street of Dreams.mp3
May 09 22:37 : update: added Guns N’ Roses/Chinese Democracy (2008)/05. If the World.mp3
May 09 22:37 : update: added Guns N’ Roses/Chinese Democracy (2008)/06. There Was a Time.mp3
May 09 22:37 : update: added Guns N’ Roses/Chinese Democracy (2008)/07. Catcher in the Rye.mp3
May 09 22:37 : update: added Guns N’ Roses/Chinese Democracy (2008)/08. Scraped.mp3
May 09 22:37 : update: added Guns N’ Roses/Chinese Democracy (2008)/09. Riad n' the Bedouins.mp3
May 09 22:37 : update: added Guns N’ Roses/Chinese Democracy (2008)/10. Sorry.mp3
May 09 22:37 : update: added Guns N’ Roses/Chinese Democracy (2008)/11. I.R.S..mp3
May 09 22:37 : update: added Guns N’ Roses/Chinese Democracy (2008)/12. Madagascar.mp3
May 09 22:37 : update: added Guns N’ Roses/Chinese Democracy (2008)/13. This I Love.mp3
May 09 22:37 : update: added Guns N’ Roses/Chinese Democracy (2008)/14. Prostitute.mp3
May 09 22:37 : update: added Guns N’ Roses/G N’ R Lies (1988)/01. Reckless Life.mp3
May 09 22:37 : update: added Guns N’ Roses/G N’ R Lies (1988)/02. Nice Boys.mp3
May 09 22:37 : update: added Guns N’ Roses/G N’ R Lies (1988)/03. Move to the City.mp3
May 09 22:37 : update: added Guns N’ Roses/G N’ R Lies (1988)/04. Mama Kin.mp3
May 09 22:37 : update: added Guns N’ Roses/G N’ R Lies (1988)/05. Patience.mp3
May 09 22:37 : update: added Guns N’ Roses/G N’ R Lies (1988)/06. Used to Love Her.mp3
May 09 22:37 : update: added Guns N’ Roses/G N’ R Lies (1988)/07. You’re Crazy.mp3
May 09 22:37 : update: added Guns N’ Roses/G N’ R Lies (1988)/08. One in a Million.mp3
May 09 22:37 : update: added Guns N’ Roses/The Spaghetti Incident (1993)/01. Since I Don’t Have You.mp3
May 09 22:37 : update: added Guns N’ Roses/The Spaghetti Incident (1993)/02. New Rose.mp3
May 09 22:37 : update: added Guns N’ Roses/The Spaghetti Incident (1993)/03. Down on the Farm.mp3
May 09 22:37 : update: added Guns N’ Roses/The Spaghetti Incident (1993)/04. Human Being.mp3
May 09 22:37 : update: added Guns N’ Roses/The Spaghetti Incident (1993)/05. Raw Power.mp3
May 09 22:37 : update: added Guns N’ Roses/The Spaghetti Incident (1993)/06. Ain’t It Fun.mp3
May 09 22:37 : update: added Guns N’ Roses/The Spaghetti Incident (1993)/07. Buick Makane (Big Dumb Sex).mp3
May 09 22:37 : update: added Guns N’ Roses/The Spaghetti Incident (1993)/08. Hair of the Dog.mp3
May 09 22:37 : update: added Guns N’ Roses/The Spaghetti Incident (1993)/09. Attitude.mp3
May 09 22:37 : update: added Guns N’ Roses/The Spaghetti Incident (1993)/10. Black Leather.mp3
May 09 22:37 : update: added Guns N’ Roses/The Spaghetti Incident (1993)/11. You Can’t Put Your Arms Around a Memory.mp3
May 09 22:37 : update: added Guns N’ Roses/The Spaghetti Incident (1993)/12. I Don’t Care About You  Look at Your Game, Girl.mp3
May 09 22:37 : update: added Guns N’ Roses/Use Your Illusion I (1997)/01. Right Next Door to Hell.mp3
May 09 22:37 : update: added Guns N’ Roses/Use Your Illusion I (1997)/02. Dust N’ Bones.mp3
May 09 22:37 : update: added Guns N’ Roses/Use Your Illusion I (1997)/03. Live and Let Die.mp3
May 09 22:37 : update: added Guns N’ Roses/Use Your Illusion I (1997)/04. Don’t Cry (original).mp3
May 09 22:37 : update: added Guns N’ Roses/Use Your Illusion I (1997)/05. Perfect Crime.mp3
May 09 22:37 : update: added Guns N’ Roses/Use Your Illusion I (1997)/06. You Ain’t the First.mp3
May 09 22:37 : update: added Guns N’ Roses/Use Your Illusion I (1997)/07. Bad Obsession.mp3
May 09 22:37 : update: added Guns N’ Roses/Use Your Illusion I (1997)/08. Back Off Bitch.mp3
May 09 22:37 : update: added Guns N’ Roses/Use Your Illusion I (1997)/09. Double Talkin’ Jive.mp3
May 09 22:37 : update: added Guns N’ Roses/Use Your Illusion I (1997)/10. November Rain.mp3
May 09 22:37 : update: added Guns N’ Roses/Use Your Illusion I (1997)/11. The Garden.mp3
May 09 22:37 : update: added Guns N’ Roses/Use Your Illusion I (1997)/12. Garden of Eden.mp3
May 09 22:37 : update: added Guns N’ Roses/Use Your Illusion I (1997)/13. Don’t Damn Me.mp3
May 09 22:37 : update: added Guns N’ Roses/Use Your Illusion I (1997)/14. Bad Apples.mp3
May 09 22:37 : update: added Guns N’ Roses/Use Your Illusion I (1997)/15. Dead Horse.mp3
May 09 22:37 : update: added Guns N’ Roses/Use Your Illusion I (1997)/16. Coma.mp3
May 09 22:37 : update: added Guns N’ Roses/Use Your Illusion II (1997)/01. Civil War.mp3
May 09 22:37 : update: added Guns N’ Roses/Use Your Illusion II (1997)/02. 14 Years.mp3
May 09 22:37 : update: added Guns N’ Roses/Use Your Illusion II (1997)/03. Yesterdays.mp3
May 09 22:37 : update: added Guns N’ Roses/Use Your Illusion II (1997)/04. Knockin’ on Heaven’s Door.mp3
May 09 22:37 : update: added Guns N’ Roses/Use Your Illusion II (1997)/05. Get in the Ring.mp3
May 09 22:37 : update: added Guns N’ Roses/Use Your Illusion II (1997)/06. Shotgun Blues.mp3
May 09 22:37 : update: added Guns N’ Roses/Use Your Illusion II (1997)/07. Breakdown.mp3
May 09 22:37 : update: added Guns N’ Roses/Use Your Illusion II (1997)/08. Pretty Tied Up.mp3
May 09 22:37 : update: added Guns N’ Roses/Use Your Illusion II (1997)/09. Locomotive.mp3
May 09 22:37 : update: added Guns N’ Roses/Use Your Illusion II (1997)/10. So Fine.mp3
May 09 22:37 : update: added Guns N’ Roses/Use Your Illusion II (1997)/11. Estranged.mp3
May 09 22:37 : update: added Guns N’ Roses/Use Your Illusion II (1997)/12. You Could Be Mine.mp3
May 09 22:37 : update: added Guns N’ Roses/Use Your Illusion II (1997)/13. Don’t Cry (alt. lyrics).mp3
May 09 22:37 : update: added Guns N’ Roses/Use Your Illusion II (1997)/14. My World.mp3
May 09 22:37 : update: added Judas Priest/Battle Cry (2016)/01. Battle Cry.flac
May 09 22:37 : update: added Judas Priest/Battle Cry (2016)/02. Dragonaut.flac
May 09 22:37 : update: added Judas Priest/Battle Cry (2016)/03. Metal Gods.flac
May 09 22:37 : update: added Judas Priest/Battle Cry (2016)/04. Devil's Child.flac
May 09 22:37 : update: added Judas Priest/Battle Cry (2016)/05. Victim Of Changes.flac
May 09 22:37 : update: added Judas Priest/Battle Cry (2016)/06. Halls Of Valhalla.flac
May 09 22:37 : update: added Judas Priest/Battle Cry (2016)/07. Redeemer Of Souls.flac
May 09 22:37 : update: added Judas Priest/Battle Cry (2016)/08. Beyond The Realms Of Death.flac
May 09 22:37 : update: added Judas Priest/Battle Cry (2016)/09. Jawbreaker.flac
May 09 22:37 : update: added Judas Priest/Battle Cry (2016)/10. Breaking The Law.flac
May 09 22:37 : update: added Judas Priest/Battle Cry (2016)/11. Hell Bent For Leather.flac
May 09 22:37 : update: added Judas Priest/Battle Cry (2016)/12. The Hellion.flac
May 09 22:37 : update: added Judas Priest/Battle Cry (2016)/13. Electric Eye.flac
May 09 22:37 : update: added Judas Priest/Battle Cry (2016)/14. You've Got Another Thing Coming.flac
May 09 22:37 : update: added Judas Priest/Battle Cry (2016)/15. Painkiller.flac
May 09 22:37 : update: added Kaleida/Think (2015)/01. Think.mp3
May 09 22:37 : update: added Kaleida/Think (2015)/02. Tropea.mp3
May 09 22:37 : update: added Kaleida/Think (2015)/03. The Call.mp3
May 09 22:37 : update: added Kaleida/Think (2015)/04. Ruby.mp3
May 09 22:37 : update: added Kaleida/Think (2015)/05. Take Me To The River.mp3
May 09 22:37 : update: added Kaleida/Think (2015)/06. Aliaa.mp3
May 09 22:37 : update: added KSHMR/Paradesi EP (2015)/01. Intro.flac
May 09 22:37 : update: added KSHMR/Paradesi EP (2015)/02. Jammu (EP Version).flac
May 09 22:37 : update: added KSHMR/Paradesi EP (2015)/03. Kashmir (EP Version).flac
May 09 22:37 : update: added KSHMR/Paradesi EP (2015)/04. Delhi.flac
May 09 22:37 : update: added Lady Gaga/Artpop (2013)/01. Aura.flac
May 09 22:37 : update: added Lady Gaga/Artpop (2013)/02. Venus.flac
May 09 22:37 : update: added Lady Gaga/Artpop (2013)/03. G.U.Y..flac
May 09 22:37 : update: added Lady Gaga/Artpop (2013)/04. Sexxx Dreams.flac
May 09 22:37 : update: added Lady Gaga/Artpop (2013)/05. Jewels N' Drugs (feat. T.I., Too $hort, Twista).flac
May 09 22:37 : update: added Lady Gaga/Artpop (2013)/06. MANiCURE.flac
May 09 22:37 : update: added Lady Gaga/Artpop (2013)/07. Do What U Want (feat. R. Kelly).flac
May 09 22:37 : update: added Lady Gaga/Artpop (2013)/08. ARTPOP.flac
May 09 22:37 : update: added Lady Gaga/Artpop (2013)/09. Swine.flac
May 09 22:37 : update: added Lady Gaga/Artpop (2013)/10. Donatella.flac
May 09 22:37 : update: added Lady Gaga/Artpop (2013)/11. Fashion!.flac
May 09 22:37 : update: added Lady Gaga/Artpop (2013)/12. Mary Jane Holland.flac
May 09 22:37 : update: added Lady Gaga/Artpop (2013)/13. Dope.flac
May 09 22:37 : update: added Lady Gaga/Artpop (2013)/14. Gypsy.flac
May 09 22:37 : update: added Lady Gaga/Artpop (2013)/15. Applause.flac
May 09 22:37 : update: added Lana Del Rey/Born to Die The Paradise Edition (2012)/01. Born To Die.mp3
May 09 22:37 : update: added Lana Del Rey/Born to Die The Paradise Edition (2012)/02. Off To The Races.mp3
May 09 22:37 : update: added Lana Del Rey/Born to Die The Paradise Edition (2012)/03. Blue Jeans.mp3
May 09 22:37 : update: added Lana Del Rey/Born to Die The Paradise Edition (2012)/04. Video Games.mp3
May 09 22:37 : update: added Lana Del Rey/Born to Die The Paradise Edition (2012)/05. Diet Mountain Dew.mp3
May 09 22:37 : update: added Lana Del Rey/Born to Die The Paradise Edition (2012)/06. National Anthem.mp3
May 09 22:37 : update: added Lana Del Rey/Born to Die The Paradise Edition (2012)/07. Dark Paradise.mp3
May 09 22:37 : update: added Lana Del Rey/Born to Die The Paradise Edition (2012)/08. Radio.mp3
May 09 22:37 : update: added Lana Del Rey/Born to Die The Paradise Edition (2012)/09. Carmen.mp3
May 09 22:37 : update: added Lana Del Rey/Born to Die The Paradise Edition (2012)/10. Million Dollar Man.mp3
May 09 22:37 : update: added Lana Del Rey/Born to Die The Paradise Edition (2012)/11. Summertime Sadness.mp3
May 09 22:37 : update: added Lana Del Rey/Born to Die The Paradise Edition (2012)/12. This Is What Makes Us Girls.mp3
May 09 22:37 : update: added Lana Del Rey/Born to Die The Paradise Edition (2012)/13. Without You.mp3
May 09 22:37 : update: added Lana Del Rey/Born to Die The Paradise Edition (2012)/14. Lolita.mp3
May 09 22:37 : update: added Lana Del Rey/Born to Die The Paradise Edition (2012)/15. Lucky Ones.mp3
May 09 22:37 : update: added Lana Del Rey/Born to Die The Paradise Edition (2012)/16. Ride.mp3
May 09 22:37 : update: added Lana Del Rey/Born to Die The Paradise Edition (2012)/17. American.mp3
May 09 22:37 : update: added Lana Del Rey/Born to Die The Paradise Edition (2012)/18. Cola.mp3
May 09 22:37 : update: added Lana Del Rey/Born to Die The Paradise Edition (2012)/19. Body Electric.mp3
May 09 22:37 : update: added Lana Del Rey/Born to Die The Paradise Edition (2012)/20. Blue Velvet.mp3
May 09 22:37 : update: added Lana Del Rey/Born to Die The Paradise Edition (2012)/21. Gods & Monsters.mp3
May 09 22:37 : update: added Lana Del Rey/Born to Die The Paradise Edition (2012)/22. Yayo.mp3
May 09 22:37 : update: added Lana Del Rey/Born to Die The Paradise Edition (2012)/23. Bel Air.mp3
May 09 22:37 : update: added LEAH/Kings & Queens (2015)/01. Arcadia.mp3
May 09 22:37 : update: added LEAH/Kings & Queens (2015)/02. Save the World.mp3
May 09 22:37 : update: added LEAH/Kings & Queens (2015)/03. Angel Fell.mp3
May 09 22:37 : update: added LEAH/Kings & Queens (2015)/04. Enter the Highlands.mp3
May 09 22:37 : update: added LEAH/Kings & Queens (2015)/05. In the Palm of Your Hands.mp3
May 09 22:37 : update: added LEAH/Kings & Queens (2015)/06. Alpha et Omega.mp3
May 09 22:37 : update: added LEAH/Kings & Queens (2015)/07. Heart of Poison.mp3
May 09 22:37 : update: added LEAH/Kings & Queens (2015)/08. Hourglass.mp3
May 09 22:37 : update: added LEAH/Kings & Queens (2015)/09. Palace of Dreams.mp3
May 09 22:37 : update: added LEAH/Kings & Queens (2015)/10. This Present Darkness.mp3
May 09 22:37 : update: added LEAH/Kings & Queens (2015)/11. The Crown.mp3
May 09 22:37 : update: added LEAH/Kings & Queens (2015)/12. Remnant.mp3
May 09 22:37 : update: added LEAH/Kings & Queens (2015)/13. There Is No Farewell.mp3
May 09 22:37 : update: added LEAH/Kings & Queens (2015)/14. Siúil a Rún (Acoustic Version).mp3
May 09 22:37 : update: added LEAH/Kings & Queens (2015)/15. Siúil a Rún.mp3
May 09 22:37 : update: added Master of Puppets/Master of Puppets (1986)/01. Battery.flac
May 09 22:37 : update: added Master of Puppets/Master of Puppets (1986)/02. Master Of Puppets.flac
May 09 22:37 : update: added Master of Puppets/Master of Puppets (1986)/03. The Thing That Should Not Be.flac
May 09 22:37 : update: added Master of Puppets/Master of Puppets (1986)/04. Welcome Home (Sanitarium).flac
May 09 22:37 : update: added Master of Puppets/Master of Puppets (1986)/05. Disposable Heroes.flac
May 09 22:37 : update: added Master of Puppets/Master of Puppets (1986)/06. Leper Messiah.flac
May 09 22:37 : update: added Master of Puppets/Master of Puppets (1986)/07. Orion (Instrumental).flac
May 09 22:37 : update: added Master of Puppets/Master of Puppets (1986)/08. Damage, Inc..flac
May 09 22:37 : update: added My Chemical Romance/Danger Days The True Lives Of The Fabulous Killjoys (2010)/01. Look Alive, Sunshine.mp3
May 09 22:37 : update: added My Chemical Romance/Danger Days The True Lives Of The Fabulous Killjoys (2010)/02. Na Na Na (Na Na Na Na Na Na Na Na Na).mp3
May 09 22:37 : update: added My Chemical Romance/Danger Days The True Lives Of The Fabulous Killjoys (2010)/03. Bulletproof Heart.mp3
May 09 22:37 : update: added My Chemical Romance/Danger Days The True Lives Of The Fabulous Killjoys (2010)/04. Sing.mp3
May 09 22:37 : update: added My Chemical Romance/Danger Days The True Lives Of The Fabulous Killjoys (2010)/05. Planetary (GO!).mp3
May 09 22:37 : update: added My Chemical Romance/Danger Days The True Lives Of The Fabulous Killjoys (2010)/06. The Only Hope For Me Is You.mp3
May 09 22:37 : update: added My Chemical Romance/Danger Days The True Lives Of The Fabulous Killjoys (2010)/07. Jet-Star And The Kobra KidTraffic Report.mp3
May 09 22:37 : update: added My Chemical Romance/Danger Days The True Lives Of The Fabulous Killjoys (2010)/08. Party Poison.mp3
May 09 22:37 : update: added My Chemical Romance/Danger Days The True Lives Of The Fabulous Killjoys (2010)/09. Save Yourself, I'll Hold Them Back.mp3
May 09 22:37 : update: added My Chemical Romance/Danger Days The True Lives Of The Fabulous Killjoys (2010)/10. SCARECROW.mp3
May 09 22:37 : update: added My Chemical Romance/Danger Days The True Lives Of The Fabulous Killjoys (2010)/11. Summertime.mp3
May 09 22:37 : update: added My Chemical Romance/Danger Days The True Lives Of The Fabulous Killjoys (2010)/12. DESTROYA.mp3
May 09 22:37 : update: added My Chemical Romance/Danger Days The True Lives Of The Fabulous Killjoys (2010)/14. Goodnite, Dr. Death.mp3
May 09 22:37 : update: added My Chemical Romance/Danger Days The True Lives Of The Fabulous Killjoys (2010)/15. Vampire Money.mp3
May 09 22:37 : update: added My Chemical Romance/The Black Parade (2006)/01. The End..mp3
May 09 22:37 : update: added My Chemical Romance/The Black Parade (2006)/02. Dead!.mp3
May 09 22:37 : update: added My Chemical Romance/The Black Parade (2006)/03. This Is How I Disappear.mp3
May 09 22:37 : update: added My Chemical Romance/The Black Parade (2006)/04. The Sharpest Lives.mp3
May 09 22:37 : update: added My Chemical Romance/The Black Parade (2006)/05. Welcome to the Black Parade.mp3
May 09 22:37 : update: added My Chemical Romance/The Black Parade (2006)/06. I Don't Love You.mp3
May 09 22:37 : update: added My Chemical Romance/The Black Parade (2006)/07. House of Wolves.mp3
May 09 22:37 : update: added My Chemical Romance/The Black Parade (2006)/08. Cancer.mp3
May 09 22:37 : update: added My Chemical Romance/The Black Parade (2006)/09. Mama.mp3
May 09 22:37 : update: added My Chemical Romance/The Black Parade (2006)/10. Sleep.mp3
May 09 22:37 : update: added My Chemical Romance/The Black Parade (2006)/11. Teenagers.mp3
May 09 22:37 : update: added My Chemical Romance/The Black Parade (2006)/12. Disenchanted.mp3
May 09 22:37 : update: added My Chemical Romance/The Black Parade (2006)/13. Famous Last Words.mp3
May 09 22:37 : update: added My Chemical Romance/The Black Parade (2006)/14. Blood (hidden track).mp3
May 09 22:37 : update: added Nickelback/All The Right Reasons (2005)/03. Photograph.mp3
May 09 22:37 : update: added Nickelback/All The Right Reasons (2005)/06. Far Away.mp3
May 09 22:37 : update: added Nickelback/All The Right Reasons (2005)/08. Side Of A Bullet.mp3
May 09 22:37 : update: added Nickelback/Dark Horse (2008)/01. Something In Your Mouth.mp3
May 09 22:37 : update: added Nickelback/Dark Horse (2008)/02. Burn It To The Ground.mp3
May 09 22:37 : update: added Nickelback/Dark Horse (2008)/03. Gotta Be Somebody.mp3
May 09 22:37 : update: added Nickelback/Dark Horse (2008)/04. S.E.X..mp3
May 09 22:37 : update: added Nickelback/Dark Horse (2008)/07. Never Gonna Be Alone.mp3
May 09 22:37 : update: added Nickelback/Dark Horse (2008)/10. If Today Was Your Last Day.mp3
May 09 22:37 : update: added Nickelback/Dark Horse (2008)/11. This Afternoon.mp3
May 09 22:37 : update: added Nickelback/Here and Now (2011)/01. This Means War.mp3
May 09 22:37 : update: added Nickelback/Here and Now (2011)/02. Bottoms Up.mp3
May 09 22:37 : update: added Nickelback/Here and Now (2011)/07. Kiss It Goodbye.mp3
May 09 22:37 : update: added Nickelback/Here and Now (2011)/08. Trying Not To Love You.mp3
May 09 22:37 : update: added Nickelback/Here and Now (2011)/09. Holding On To Heaven.mp3
May 09 22:37 : update: added Nickelback/Here and Now (2011)/11. Don't Ever Let It End.mp3
May 09 22:37 : update: added Nickelback/Silver Side Up (2001)/01. Never Again.mp3
May 09 22:37 : ffmpeg/mjpeg: Changing bps to 8
May 09 22:37 : ffmpeg/mp3: Could not find codec parameters for stream 0 (Audio: mp3, 0 channels, s16p): unspecified frame size
Consider increasing the value for the 'analyzeduration' and 'probesize' options
May 09 22:37 : update: added Nickelback/Silver Side Up (2001)/02. This Is How You Remind Me.mp3
May 09 22:37 : update: added Nickelback/Silver Side Up (2001)/06. Hollywood.mp3
May 09 22:37 : update: added Nickelback/Silver Side Up (2001)/10. Good Times Gone.mp3
May 09 22:37 : update: added OneRepublic/Dreaming Out Loud (2008)/01. Say (All I Need).mp3
May 09 22:37 : update: added OneRepublic/Dreaming Out Loud (2008)/02. Mercy.mp3
May 09 22:37 : update: added OneRepublic/Dreaming Out Loud (2008)/03. Stop And Stare.mp3
May 09 22:37 : update: added OneRepublic/Dreaming Out Loud (2008)/04. Apologize.mp3
May 09 22:37 : update: added OneRepublic/Dreaming Out Loud (2008)/05. Goodbye, Apathy.mp3
May 09 22:37 : update: added OneRepublic/Dreaming Out Loud (2008)/06. All Fall Down.mp3
May 09 22:37 : update: added OneRepublic/Dreaming Out Loud (2008)/07. Tyrant.mp3
May 09 22:37 : update: added OneRepublic/Dreaming Out Loud (2008)/08. Prodigal.mp3
May 09 22:37 : update: added OneRepublic/Dreaming Out Loud (2008)/09. Won't Stop.mp3
May 09 22:37 : update: added OneRepublic/Dreaming Out Loud (2008)/10. All We Are.mp3
May 09 22:37 : update: added OneRepublic/Dreaming Out Loud (2008)/11. Someone To Save You.mp3
May 09 22:37 : update: added OneRepublic/Dreaming Out Loud (2008)/12. Come Home.mp3
May 09 22:37 : update: added OneRepublic/Dreaming Out Loud (2008)/13. Apologize (Remix).mp3
May 09 22:37 : update: added OneRepublic/Dreaming Out Loud (2008)/15. All Fall Down (Live @ The Orange Lounge).mp3
May 09 22:37 : update: added OneRepublic/Dreaming Out Loud (2008)/15. Hearing Voices.mp3
May 09 22:37 : update: added OneRepublic/Dreaming Out Loud (2008)/15. Stop And State (Live).mp3
May 09 22:37 : update: added OneRepublic/Dreaming Out Loud (2008)/16. Apologize (Live).mp3
May 09 22:37 : update: added OneRepublic/Dreaming Out Loud (2008)/16. Mercy (Duffy Cover - Radio 1 Live Lounge Session).mp3
May 09 22:37 : update: added OneRepublic/Dreaming Out Loud (2008)/17. All We Are (Live @ The Orange Lounge).mp3
May 09 22:37 : update: added OneRepublic/Dreaming Out Loud (2008)/18. Say (All I Need) (Live).mp3
May 09 22:37 : update: added OneRepublic/Native (Deluxe) (2013)/01. Counting Stars.mp3
May 09 22:37 : update: added OneRepublic/Native (Deluxe) (2013)/02. If I Lose Myself.mp3
May 09 22:37 : update: added OneRepublic/Native (Deluxe) (2013)/03. Feel Again.mp3
May 09 22:37 : update: added OneRepublic/Native (Deluxe) (2013)/04. What You Wanted.mp3
May 09 22:37 : update: added OneRepublic/Native (Deluxe) (2013)/05. I Lived.mp3
May 09 22:37 : update: added OneRepublic/Native (Deluxe) (2013)/06. Light It Up.mp3
May 09 22:37 : update: added OneRepublic/Native (Deluxe) (2013)/07. Can’t Stop.mp3
May 09 22:37 : update: added OneRepublic/Native (Deluxe) (2013)/08. Au Revoir.mp3
May 09 22:37 : update: added OneRepublic/Native (Deluxe) (2013)/09. Burning Bridges.mp3
May 09 22:37 : update: added OneRepublic/Native (Deluxe) (2013)/10. Something I Need.mp3
May 09 22:37 : update: added OneRepublic/Native (Deluxe) (2013)/11. Preacher.mp3
May 09 22:37 : update: added OneRepublic/Native (Deluxe) (2013)/12. Don't Look Down.mp3
May 09 22:37 : update: added OneRepublic/Native (Deluxe) (2013)/13. Something's Gotta Give.mp3
May 09 22:37 : update: added OneRepublic/Native (Deluxe) (2013)/14. Life in Color.mp3
May 09 22:37 : update: added OneRepublic/Native (Deluxe) (2013)/15. If I Lose Myself (Acoustic Version).mp3
May 09 22:37 : update: added OneRepublic/Native (Deluxe) (2013)/16. What You Wanted (Acoustic Version).mp3
May 09 22:37 : update: added OneRepublic/Native (Deluxe) (2013)/17. Burning Bridges (Acoustic Version).mp3
May 09 22:37 : update: added OneRepublic/Native (Deluxe) (2013)/18. If I Lose Myself (Alesso vs OneRepublic).mp3
May 09 22:37 : update: added Rihanna/Anti (Deluxe Edition) (2016)/01. Consideration (feat. SZA).flac
May 09 22:37 : update: added Rihanna/Anti (Deluxe Edition) (2016)/02. James Joint.flac
May 09 22:37 : update: added Rihanna/Anti (Deluxe Edition) (2016)/03. Kiss It Better.flac
May 09 22:37 : update: added Rihanna/Anti (Deluxe Edition) (2016)/04. Work (feat. Drake).flac
May 09 22:37 : update: added Rihanna/Anti (Deluxe Edition) (2016)/05. Desperado.flac
May 09 22:37 : update: added Rihanna/Anti (Deluxe Edition) (2016)/06. Woo.flac
May 09 22:37 : update: added Rihanna/Anti (Deluxe Edition) (2016)/07. Needed Me.flac
May 09 22:37 : update: added Rihanna/Anti (Deluxe Edition) (2016)/08. Yeah, I Said It.flac
May 09 22:37 : update: added Rihanna/Anti (Deluxe Edition) (2016)/09. Same Ol' Mistakes.flac
May 09 22:37 : update: added Rihanna/Anti (Deluxe Edition) (2016)/10. Never Ending.flac
May 09 22:37 : update: added Rihanna/Anti (Deluxe Edition) (2016)/11. Love On The Brain.flac
May 09 22:37 : update: added Rihanna/Anti (Deluxe Edition) (2016)/12. Higher.flac
May 09 22:37 : update: added Rihanna/Anti (Deluxe Edition) (2016)/13. Close To You.flac
May 09 22:37 : update: added Rihanna/Anti (Deluxe Edition) (2016)/14. Goodnight Gotham.flac
May 09 22:37 : update: added Rihanna/Anti (Deluxe Edition) (2016)/15. Pose.flac
May 09 22:37 : update: added Rihanna/Anti (Deluxe Edition) (2016)/16. Sex With Me.flac
May 09 22:37 : update: added Selena Gomez/Revival (Deluxe) (2015)/01. Revival.flac
May 09 22:37 : update: added Selena Gomez/Revival (Deluxe) (2015)/02. Kill Em With Kindness.flac
May 09 22:37 : update: added Selena Gomez/Revival (Deluxe) (2015)/03. Hands To Myself.flac
May 09 22:37 : update: added Selena Gomez/Revival (Deluxe) (2015)/04. Same Old Love.flac
May 09 22:37 : update: added Selena Gomez/Revival (Deluxe) (2015)/05. Sober.flac
May 09 22:37 : update: added Selena Gomez/Revival (Deluxe) (2015)/06. Good For You.flac
May 09 22:37 : update: added Selena Gomez/Revival (Deluxe) (2015)/07. Camouflage.flac
May 09 22:37 : update: added Selena Gomez/Revival (Deluxe) (2015)/08. Me & The Rhythm.flac
May 09 22:37 : update: added Selena Gomez/Revival (Deluxe) (2015)/09. Survivors.flac
May 09 22:37 : update: added Selena Gomez/Revival (Deluxe) (2015)/10. Body Heat.flac
May 09 22:37 : update: added Selena Gomez/Revival (Deluxe) (2015)/11. Rise.flac
May 09 22:37 : update: added Selena Gomez/Revival (Deluxe) (2015)/12. Me & My Girls.flac
May 09 22:37 : update: added Selena Gomez/Revival (Deluxe) (2015)/13. Nobody.flac
May 09 22:37 : update: added Selena Gomez/Revival (Deluxe) (2015)/14. Perfect.flac
May 09 22:37 : update: added Selena Gomez/Revival (Deluxe) (2015)/15. Outta My Hands (Loco).flac
May 09 22:37 : update: added Selena Gomez/Revival (Deluxe) (2015)/16. Cologne.flac
May 09 22:37 : update: added Slash/Apocalyptic Love (2012)/09. Not for Me.flac
May 09 22:37 : update: added Slash/Apocalyptic Love (2012)/01. Apocalyptic Love.flac
May 09 22:37 : update: added Slash/Apocalyptic Love (2012)/02. One Last Thrill.flac
May 09 22:37 : update: added Slash/Apocalyptic Love (2012)/03. Standing in the Sun.flac
May 09 22:37 : update: added Slash/Apocalyptic Love (2012)/04. You're a Lie.flac
May 09 22:37 : update: added Slash/Apocalyptic Love (2012)/05. No More Heroes.flac
May 09 22:37 : update: added Slash/Apocalyptic Love (2012)/06. Halo.flac
May 09 22:37 : update: added Slash/Apocalyptic Love (2012)/07. We Will Roam.flac
May 09 22:37 : update: added Slash/Apocalyptic Love (2012)/08. Anastasia.flac
May 09 22:37 : update: added Slash/Apocalyptic Love (2012)/10. Bad Rain.flac
May 09 22:37 : update: added Slash/Apocalyptic Love (2012)/11. Hard & Fast.flac
May 09 22:37 : update: added Slash/Apocalyptic Love (2012)/12. Far and Away.flac
May 09 22:37 : update: added Slash/Apocalyptic Love (2012)/13. Shots Fired.flac
May 09 22:37 : update: added Slash/Apocalyptic Love (2012)/14. Carolina (Bonus Track).flac
May 09 22:37 : update: added Slash/Apocalyptic Love (2012)/15. Crazy Life (Bonus Track).flac
May 09 22:37 : update: added Slipknot/.5 The Gray Chapter (Deluxe Edition) (2014)/01. XIX.flac
May 09 22:37 : update: added Slipknot/.5 The Gray Chapter (Deluxe Edition) (2014)/02. Sarcastrophe.flac
May 09 22:37 : update: added Slipknot/.5 The Gray Chapter (Deluxe Edition) (2014)/03. AOV.flac
May 09 22:37 : update: added Slipknot/.5 The Gray Chapter (Deluxe Edition) (2014)/04. The Devil In I.flac
May 09 22:37 : update: added Slipknot/.5 The Gray Chapter (Deluxe Edition) (2014)/05. Killpop.flac
May 09 22:37 : update: added Slipknot/.5 The Gray Chapter (Deluxe Edition) (2014)/06. Skeptic.flac
May 09 22:37 : update: added Slipknot/.5 The Gray Chapter (Deluxe Edition) (2014)/07. Lech.flac
May 09 22:37 : update: added Slipknot/.5 The Gray Chapter (Deluxe Edition) (2014)/08. Goodbye.flac
May 09 22:37 : update: added Slipknot/.5 The Gray Chapter (Deluxe Edition) (2014)/09. Nomadic.flac
May 09 22:37 : update: added Slipknot/.5 The Gray Chapter (Deluxe Edition) (2014)/10. The One That Kills The Least.flac
May 09 22:37 : update: added Slipknot/.5 The Gray Chapter (Deluxe Edition) (2014)/11. Custer.flac
May 09 22:37 : update: added Slipknot/.5 The Gray Chapter (Deluxe Edition) (2014)/12. Be Prepared For Hell.flac
May 09 22:37 : update: added Slipknot/.5 The Gray Chapter (Deluxe Edition) (2014)/13. The Negative One.flac
May 09 22:37 : update: added Slipknot/.5 The Gray Chapter (Deluxe Edition) (2014)/14. If Rain Is What You Want.flac
May 09 22:37 : update: added Slipknot/.5 The Gray Chapter (Deluxe Edition) (2014)/15. Override.flac
May 09 22:37 : update: added Slipknot/.5 The Gray Chapter (Deluxe Edition) (2014)/16. The Burden.flac
May 09 22:37 : update: added Slipknot/.5 The Gray Chapter (Deluxe Edition) (2014)/17. -Silent-.flac
May 09 22:37 : update: added Slipknot/.5 The Gray Chapter (Deluxe Edition) (2014)/18. -Talk-.flac
May 09 22:37 : update: added Slipknot/.5 The Gray Chapter (Deluxe Edition) (2014)/19. -Funny-.flac
May 09 22:37 : update: added The Weeknd/Beauty Behind The Madness (2015)/01. Real Life.flac
May 09 22:37 : update: added The Weeknd/Beauty Behind The Madness (2015)/02. Losers (feat. Labrinth).flac
May 09 22:37 : update: added The Weeknd/Beauty Behind The Madness (2015)/03. Tell Your Friends.flac
May 09 22:37 : update: added The Weeknd/Beauty Behind The Madness (2015)/04. Often.flac
May 09 22:37 : update: added The Weeknd/Beauty Behind The Madness (2015)/05. The Hills.flac
May 09 22:37 : update: added The Weeknd/Beauty Behind The Madness (2015)/06. Acquainted.flac
May 09 22:37 : update: added The Weeknd/Beauty Behind The Madness (2015)/07. Can t Feel My Face.flac
May 09 22:37 : update: added The Weeknd/Beauty Behind The Madness (2015)/08. Shameless.flac
May 09 22:37 : update: added The Weeknd/Beauty Behind The Madness (2015)/09. Earned It (Fifty Shades of Grey).flac
May 09 22:37 : update: added The Weeknd/Beauty Behind The Madness (2015)/10. In The Night.flac
May 09 22:37 : update: added The Weeknd/Beauty Behind The Madness (2015)/11. As You Are.flac
May 09 22:37 : update: added The Weeknd/Beauty Behind The Madness (2015)/12. Dark Times featuring Ed Sheeran.flac
May 09 22:37 : update: added The Weeknd/Beauty Behind The Madness (2015)/13. Prisoner featuring Lana Del Rey.flac
May 09 22:37 : update: added The Weeknd/Beauty Behind The Madness (2015)/14. Angel.flac
May 09 22:37 : update: added Tove Lo/Queen Of The Clouds (2014)/01. The Sex (Intro).mp3
May 09 22:37 : update: added Tove Lo/Queen Of The Clouds (2014)/02. My Gun.mp3
May 09 22:37 : update: added Tove Lo/Queen Of The Clouds (2014)/03. Like Em Young.mp3
May 09 22:37 : update: added Tove Lo/Queen Of The Clouds (2014)/04. Talking Body.mp3
May 09 22:37 : update: added Tove Lo/Queen Of The Clouds (2014)/05. Timebomb.mp3
May 09 22:37 : update: added Tove Lo/Queen Of The Clouds (2014)/06. The Love (Interlude).mp3
May 09 22:37 : update: added Tove Lo/Queen Of The Clouds (2014)/07. Moments.mp3
May 09 22:37 : update: added Tove Lo/Queen Of The Clouds (2014)/08. The Way That I Am.mp3
May 09 22:37 : update: added Tove Lo/Queen Of The Clouds (2014)/09. Got Love.mp3
May 09 22:37 : update: added Tove Lo/Queen Of The Clouds (2014)/10. Not On Drugs.mp3
May 09 22:37 : update: added Tove Lo/Queen Of The Clouds (2014)/11. The Pain (Interlude).mp3
May 09 22:37 : update: added Tove Lo/Queen Of The Clouds (2014)/12. Thousand Miles.mp3
May 09 22:37 : update: added Tove Lo/Queen Of The Clouds (2014)/13. Habits (Stay High).mp3
May 09 22:37 : update: added Tove Lo/Queen Of The Clouds (2014)/14. This Time Around.mp3
May 09 22:37 : update: added Tove Lo/Queen Of The Clouds (2014)/15. Run On Love (QOTC Edit).mp3
May 09 22:37 : update: added Tove Lo/Queen Of The Clouds (2014)/16. Love Ballad.mp3
May 09 22:37 : update: added Tove Lo/Queen Of The Clouds (2014)/17. Habits (Stay High) (Hippie Sabotage Remix).mp3
May 09 22:37 : update: added Twenty One Pilots/Blurryface (2015)/01. Heavydirtysoul.flac
May 09 22:37 : update: added Twenty One Pilots/Blurryface (2015)/02. Stressed Out.flac
May 09 22:37 : update: added Twenty One Pilots/Blurryface (2015)/03. Ride.flac
May 09 22:37 : update: added Twenty One Pilots/Blurryface (2015)/04. Fairly Local.flac
May 09 22:37 : update: added Twenty One Pilots/Blurryface (2015)/05. Tear in My Heart.flac
May 09 22:37 : update: added Twenty One Pilots/Blurryface (2015)/06. Lane Boy.flac
May 09 22:37 : update: added Twenty One Pilots/Blurryface (2015)/07. The Judge.flac
May 09 22:37 : update: added Twenty One Pilots/Blurryface (2015)/08. Doubt.flac
May 09 22:37 : update: added Twenty One Pilots/Blurryface (2015)/09. Polarize.flac
May 09 22:37 : update: added Twenty One Pilots/Blurryface (2015)/10. We Don't Believe What's on TV.flac
May 09 22:37 : update: added Twenty One Pilots/Blurryface (2015)/11. Message Man.flac
May 09 22:37 : update: added Twenty One Pilots/Blurryface (2015)/12. Hometown.flac
May 09 22:37 : update: added Twenty One Pilots/Blurryface (2015)/13. Not Today.flac
May 09 22:37 : update: added Twenty One Pilots/Blurryface (2015)/14. Goner.flac
May 09 22:38 : avahi: Service 'MPD Music Player' successfully established.
May 09 22:38 : client: [0] opened from local
May 09 22:38 : client: [1] opened from [::1]:40320
May 09 22:38 : client: [0] closed
May 09 22:40 : avahi: Service 'MPD Music Player' successfully established.
May 09 22:40 : client: [0] opened from [::1]:40374
May 09 22:40 : client: [1] opened from local
May 09 22:41 : client: [1] closed
May 09 22:43 : client: [2] opened from local
May 09 22:43 : client: [2] closed
May 09 22:43 : client: [3] opened from local
May 09 22:44 : client: [3] closed
May 09 22:44 : client: [4] opened from [::1]:40436
May 09 22:44 : player: played "Arctic Monkeys/AM (2013)/01. Do I Wanna Know.mp3"
May 09 22:44 : client: [4] closed
May 09 22:46 : avahi: Service 'MPD Music Player' successfully established.
May 09 22:46 : client: [0] opened from [::1]:40536
